yYGameCard/build/outputs/logs/manifest-merger-release-report.txt
-- Merging decision tree log ---
permission#com.jzb.lyqpyyb.permission.JPUSH_MESSAGE
INJECTED from src\main\AndroidManifest.xml:14:5-16:46
	android:protectionLevel
		ADDED from src\main\AndroidManifest.xml:16:9-44
	android:name
		INJECTED from src\main\AndroidManifest.xml
		ADDED from src\main\AndroidManifest.xml:15:9-65
uses-permission#com.jzb.lyqpyyb.permission.JPUSH_MESSAGE
INJECTED from src\main\AndroidManifest.xml:18:5-80
	android:name
		INJECTED from src\main\AndroidManifest.xml
		ADDED from src\main\AndroidManifest.xml:18:22-78
provider#android.support.v4.content.FileProvider
INJECTED from src\main\AndroidManifest.xml:78:9-88:20
INJECTED from src\main\AndroidManifest.xml:178:9-186:20
	android:grantUriPermissions
		ADDED from src\main\AndroidManifest.xml:82:13-47
	android:authorities
		INJECTED from src\main\AndroidManifest.xml
		INJECTED from src\main\AndroidManifest.xml
		ADDED from src\main\AndroidManifest.xml:80:13-64
	android:exported
		ADDED from src\main\AndroidManifest.xml:81:13-37
	tools:replace
		ADDED from src\main\AndroidManifest.xml:83:13-48
	android:name
		ADDED from src\main\AndroidManifest.xml:79:13-67
provider#cn.jpush.android.service.DataProvider
INJECTED from src\main\AndroidManifest.xml:203:9-207:50
	android:authorities
		INJECTED from src\main\AndroidManifest.xml
		ADDED from src\main\AndroidManifest.xml:205:13-64
	android:exported
		ADDED from src\main\AndroidManifest.xml:206:13-36
	tools:replace
		ADDED from src\main\AndroidManifest.xml:207:13-48
	android:name
		ADDED from src\main\AndroidManifest.xml:204:13-65
category#com.jzb.lyqpyyb
INJECTED from src\main\AndroidManifest.xml:218:17-60
INJECTED from src\main\AndroidManifest.xml:229:17-60
INJECTED from src\main\AndroidManifest.xml:259:17-60
INJECTED from src\main\AndroidManifest.xml:270:17-60
INJECTED from src\main\AndroidManifest.xml:295:17-60
	android:name
		INJECTED from src\main\AndroidManifest.xml
		INJECTED from src\main\AndroidManifest.xml
		INJECTED from src\main\AndroidManifest.xml
		INJECTED from src\main\AndroidManifest.xml
		INJECTED from src\main\AndroidManifest.xml
		ADDED from src\main\AndroidManifest.xml:218:27-58
meta-data#JPUSH_APPKEY
INJECTED from src\main\AndroidManifest.xml:299:9-301:46
	android:value
		INJECTED from src\main\AndroidManifest.xml
		ADDED from src\main\AndroidManifest.xml:301:13-44
	android:name
		ADDED from src\main\AndroidManifest.xml:300:13-40
meta-data#JPUSH_CHANNEL
INJECTED from src\main\AndroidManifest.xml:302:9-304:47
	android:value
		INJECTED from src\main\AndroidManifest.xml
		ADDED from src\main\AndroidManifest.xml:304:13-45
	android:name
		ADDED from src\main\AndroidManifest.xml:303:13-41
manifest
ADDED from src\main\AndroidManifest.xml:2:1-314:12
INJECTED from src\main\AndroidManifest.xml:2:1-314:12
INJECTED from src\main\AndroidManifest.xml:2:1-314:12
INJECTED from src\main\AndroidManifest.xml:2:1-314:12
MERGED from [com.android.support:design:26.1.0] AndroidManifest.xml:17:1-31:12
MERGED from [com.android.support:multidex:1.0.3] AndroidManifest.xml:17:1-22:12
MERGED from [com.android.support:cardview-v7:26.1.0] AndroidManifest.xml:17:1-28:12
MERGED from [com.zhy:autolayout:1.4.5] AndroidManifest.xml:2:1-12:12
MERGED from [com.android.support:appcompat-v7:26.1.0] AndroidManifest.xml:17:1-31:12
MERGED from [com.lzy.net:okserver:2.0.5] AndroidManifest.xml:17:1-27:12
MERGED from [com.lzy.net:okgo:3.0.4] AndroidManifest.xml:17:1-31:12
MERGED from [com.youth.banner:banner:1.4.10] AndroidManifest.xml:2:1-11:12
MERGED from [com.android.support:transition:26.1.0] AndroidManifest.xml:17:1-28:12
MERGED from [com.android.support:support-v4:26.1.0] AndroidManifest.xml:17:1-31:12
MERGED from [com.android.support:recyclerview-v7:26.1.0] AndroidManifest.xml:17:1-28:12
MERGED from [com.android.support:support-media-compat:26.1.0] AndroidManifest.xml:17:1-31:12
MERGED from [com.android.support:support-fragment:26.1.0] AndroidManifest.xml:17:1-31:12
MERGED from [com.android.support:support-core-utils:26.1.0] AndroidManifest.xml:17:1-31:12
MERGED from [com.android.support:animated-vector-drawable:26.1.0] AndroidManifest.xml:17:1-28:12
MERGED from [com.android.support:support-core-ui:26.1.0] AndroidManifest.xml:17:1-31:12
MERGED from [com.android.support:support-vector-drawable:26.1.0] AndroidManifest.xml:17:1-28:12
MERGED from [com.android.support:support-compat:26.1.0] AndroidManifest.xml:17:1-31:12
MERGED from [android.arch.lifecycle:runtime:1.0.0] AndroidManifest.xml:17:1-30:12
INJECTED from src\main\AndroidManifest.xml:2:1-314:12
INJECTED from src\main\AndroidManifest.xml:2:1-314:12
INJECTED from src\main\AndroidManifest.xml:2:1-314:12
	package
		ADDED from src\main\AndroidManifest.xml:4:11-38
		INJECTED from src\main\AndroidManifest.xml
		INJECTED from src\main\AndroidManifest.xml
	android:versionName
		INJECTED from src\main\AndroidManifest.xml
		ADDED from src\main\AndroidManifest.xml:2:1-314:12
		INJECTED from src\main\AndroidManifest.xml
	xmlns:tools
		ADDED from src\main\AndroidManifest.xml:3:11-57
	android:versionCode
		INJECTED from src\main\AndroidManifest.xml
		ADDED from src\main\AndroidManifest.xml:2:1-314:12
		INJECTED from src\main\AndroidManifest.xml
	xmlns:android
		ADDED from src\main\AndroidManifest.xml:2:11-69
supports-screens
ADDED from src\main\AndroidManifest.xml:8:5-12:39
	android:largeScreens
		ADDED from src\main\AndroidManifest.xml:10:9-36
	android:smallScreens
		ADDED from src\main\AndroidManifest.xml:12:9-36
	android:normalScreens
		ADDED from src\main\AndroidManifest.xml:11:9-37
	android:resizeable
		ADDED from src\main\AndroidManifest.xml:311:9-34
	android:anyDensity
		ADDED from src\main\AndroidManifest.xml:9:9-34
uses-permission#android.permission.RECEIVE_USER_PRESENT
ADDED from src\main\AndroidManifest.xml:22:5-79
	android:name
		ADDED from src\main\AndroidManifest.xml:22:22-76
uses-permission#android.permission.INTERNET
ADDED from src\main\AndroidManifest.xml:23:5-67
MERGED from [com.lzy.net:okgo:3.0.4] AndroidManifest.xml:26:5-67
MERGED from [com.lzy.net:okgo:3.0.4] AndroidManifest.xml:26:5-67
	android:name
		ADDED from src\main\AndroidManifest.xml:23:22-64
uses-permission#android.permission.READ_PHONE_STATE
ADDED from src\main\AndroidManifest.xml:24:5-75
	android:name
		ADDED from src\main\AndroidManifest.xml:24:22-72
uses-permission#android.permission.WRITE_EXTERNAL_STORAGE
ADDED from src\main\AndroidManifest.xml:25:5-81
MERGED from [com.lzy.net:okgo:3.0.4] AndroidManifest.xml:28:5-81
MERGED from [com.lzy.net:okgo:3.0.4] AndroidManifest.xml:28:5-81
	android:name
		ADDED from src\main\AndroidManifest.xml:25:22-78
uses-permission#android.permission.READ_EXTERNAL_STORAGE
ADDED from src\main\AndroidManifest.xml:26:5-80
MERGED from [com.lzy.net:okgo:3.0.4] AndroidManifest.xml:27:5-80
MERGED from [com.lzy.net:okgo:3.0.4] AndroidManifest.xml:27:5-80
	android:name
		ADDED from src\main\AndroidManifest.xml:26:22-77
uses-permission#android.permission.WRITE_SETTINGS
ADDED from src\main\AndroidManifest.xml:27:5-73
	android:name
		ADDED from src\main\AndroidManifest.xml:27:22-70
uses-permission#android.permission.MOUNT_UNMOUNT_FILESYSTEMS
ADDED from src\main\AndroidManifest.xml:28:5-84
MERGED from [com.lzy.net:okgo:3.0.4] AndroidManifest.xml:29:5-84
MERGED from [com.lzy.net:okgo:3.0.4] AndroidManifest.xml:29:5-84
	android:name
		ADDED from src\main\AndroidManifest.xml:28:22-81
uses-permission#android.permission.ACCESS_NETWORK_STATE
ADDED from src\main\AndroidManifest.xml:29:5-79
	android:name
		ADDED from src\main\AndroidManifest.xml:29:22-76
uses-permission#android.permission.ACCESS_WIFI_STATE
ADDED from src\main\AndroidManifest.xml:30:5-76
	android:name
		ADDED from src\main\AndroidManifest.xml:30:22-73
uses-permission#android.permission.WAKE_LOCK
ADDED from src\main\AndroidManifest.xml:35:5-67
	android:name
		ADDED from src\main\AndroidManifest.xml:35:22-65
uses-permission#android.permission.VIBRATE
ADDED from src\main\AndroidManifest.xml:36:5-66
	android:name
		ADDED from src\main\AndroidManifest.xml:36:22-63
uses-permission#android.permission.SYSTEM_ALERT_WINDOW
ADDED from src\main\AndroidManifest.xml:37:5-78
	android:name
		ADDED from src\main\AndroidManifest.xml:37:22-75
uses-permission#android.permission.ACCESS_COARSE_LOCATION
ADDED from src\main\AndroidManifest.xml:38:5-81
	android:name
		ADDED from src\main\AndroidManifest.xml:38:22-78
uses-permission#android.permission.CHANGE_WIFI_STATE
ADDED from src\main\AndroidManifest.xml:39:5-76
	android:name
		ADDED from src\main\AndroidManifest.xml:39:22-73
uses-permission#android.permission.ACCESS_FINE_LOCATION
ADDED from src\main\AndroidManifest.xml:40:5-79
	android:name
		ADDED from src\main\AndroidManifest.xml:40:22-76
uses-permission#android.permission.ACCESS_LOCATION_EXTRA_COMMANDS
ADDED from src\main\AndroidManifest.xml:41:5-89
	android:name
		ADDED from src\main\AndroidManifest.xml:41:22-86
uses-permission#android.permission.CHANGE_NETWORK_STATE
ADDED from src\main\AndroidManifest.xml:42:5-79
	android:name
		ADDED from src\main\AndroidManifest.xml:42:22-76
uses-permission#android.permission.GET_TASKS
ADDED from src\main\AndroidManifest.xml:43:5-68
	android:name
		ADDED from src\main\AndroidManifest.xml:43:22-65
uses-permission#android.permission.REQUEST_INSTALL_PACKAGES
ADDED from src\main\AndroidManifest.xml:46:5-83
	android:name
		ADDED from src\main\AndroidManifest.xml:46:22-80
application
ADDED from src\main\AndroidManifest.xml:48:5-305:19
MERGED from [com.android.support:design:26.1.0] AndroidManifest.xml:25:5-29:19
MERGED from [com.android.support:design:26.1.0] AndroidManifest.xml:25:5-29:19
MERGED from [com.android.support:cardview-v7:26.1.0] AndroidManifest.xml:22:5-26:19
MERGED from [com.android.support:cardview-v7:26.1.0] AndroidManifest.xml:22:5-26:19
MERGED from [com.android.support:appcompat-v7:26.1.0] AndroidManifest.xml:25:5-29:19
MERGED from [com.android.support:appcompat-v7:26.1.0] AndroidManifest.xml:25:5-29:19
MERGED from [com.android.support:transition:26.1.0] AndroidManifest.xml:22:5-26:19
MERGED from [com.android.support:transition:26.1.0] AndroidManifest.xml:22:5-26:19
MERGED from [com.android.support:support-v4:26.1.0] AndroidManifest.xml:25:5-29:19
MERGED from [com.android.support:support-v4:26.1.0] AndroidManifest.xml:25:5-29:19
MERGED from [com.android.support:recyclerview-v7:26.1.0] AndroidManifest.xml:22:5-26:19
MERGED from [com.android.support:recyclerview-v7:26.1.0] AndroidManifest.xml:22:5-26:19
MERGED from [com.android.support:support-media-compat:26.1.0] AndroidManifest.xml:25:5-29:19
MERGED from [com.android.support:support-media-compat:26.1.0] AndroidManifest.xml:25:5-29:19
MERGED from [com.android.support:support-fragment:26.1.0] AndroidManifest.xml:25:5-29:19
MERGED from [com.android.support:support-fragment:26.1.0] AndroidManifest.xml:25:5-29:19
MERGED from [com.android.support:support-core-utils:26.1.0] AndroidManifest.xml:25:5-29:19
MERGED from [com.android.support:support-core-utils:26.1.0] AndroidManifest.xml:25:5-29:19
MERGED from [com.android.support:animated-vector-drawable:26.1.0] AndroidManifest.xml:22:5-26:19
MERGED from [com.android.support:animated-vector-drawable:26.1.0] AndroidManifest.xml:22:5-26:19
MERGED from [com.android.support:support-core-ui:26.1.0] AndroidManifest.xml:25:5-29:19
MERGED from [com.android.support:support-core-ui:26.1.0] AndroidManifest.xml:25:5-29:19
MERGED from [com.android.support:support-vector-drawable:26.1.0] AndroidManifest.xml:22:5-26:19
MERGED from [com.android.support:support-vector-drawable:26.1.0] AndroidManifest.xml:22:5-26:19
MERGED from [com.android.support:support-compat:26.1.0] AndroidManifest.xml:25:5-29:19
MERGED from [com.android.support:support-compat:26.1.0] AndroidManifest.xml:25:5-29:19
MERGED from [android.arch.lifecycle:runtime:1.0.0] AndroidManifest.xml:24:5-28:19
MERGED from [android.arch.lifecycle:runtime:1.0.0] AndroidManifest.xml:24:5-28:19
	android:label
		ADDED from src\main\AndroidManifest.xml:51:9-41
	android:icon
		ADDED from src\main\AndroidManifest.xml:50:9-38
	android:theme
		ADDED from src\main\AndroidManifest.xml:52:9-40
	android:name
		ADDED from src\main\AndroidManifest.xml:49:9-70
meta-data#design_width
ADDED from src\main\AndroidManifest.xml:53:9-55:35
	android:value
		ADDED from src\main\AndroidManifest.xml:55:13-33
	android:name
		ADDED from src\main\AndroidManifest.xml:54:13-40
meta-data#design_height
ADDED from src\main\AndroidManifest.xml:56:9-58:35
	android:value
		ADDED from src\main\AndroidManifest.xml:58:13-33
	android:name
		ADDED from src\main\AndroidManifest.xml:57:13-41
activity#com.lordcard.haoyun.StartMainActivity
ADDED from src\main\AndroidManifest.xml:60:9-67:20
	android:screenOrientation
		ADDED from src\main\AndroidManifest.xml:62:13-49
	android:name
		ADDED from src\main\AndroidManifest.xml:61:13-65
intent-filter#action:name:android.intent.action.MAIN+category:name:android.intent.category.LAUNCHER
ADDED from src\main\AndroidManifest.xml:63:13-66:29
action#android.intent.action.MAIN
ADDED from src\main\AndroidManifest.xml:64:17-68
	android:name
		ADDED from src\main\AndroidManifest.xml:64:25-66
category#android.intent.category.LAUNCHER
ADDED from src\main\AndroidManifest.xml:65:17-76
	android:name
		ADDED from src\main\AndroidManifest.xml:65:27-74
activity#com.lordcard.haoyun.UpdateListActivity
ADDED from src\main\AndroidManifest.xml:68:9-71:61
	android:screenOrientation
		ADDED from src\main\AndroidManifest.xml:71:13-49
	android:launchMode
		ADDED from src\main\AndroidManifest.xml:70:13-44
	android:name
		ADDED from src\main\AndroidManifest.xml:69:13-66
activity#com.lordcard.haoyun.permission.PermissionActivity
ADDED from src\main\AndroidManifest.xml:73:9-75:61
	android:screenOrientation
		ADDED from src\main\AndroidManifest.xml:75:13-49
	android:name
		ADDED from src\main\AndroidManifest.xml:74:13-77
activity#com.lordcard.ui.WelcomeActivity
ADDED from src\main\AndroidManifest.xml:91:9-98:20
	android:screenOrientation
		ADDED from src\main\AndroidManifest.xml:94:13-50
	android:configChanges
		ADDED from src\main\AndroidManifest.xml:93:13-74
	android:theme
		ADDED from src\main\AndroidManifest.xml:95:13-77
	android:name
		ADDED from src\main\AndroidManifest.xml:92:13-59
activity#com.lordcard.haoyun.WebViewActivity
ADDED from src\main\AndroidManifest.xml:99:9-102:15
	android:screenOrientation
		ADDED from src\main\AndroidManifest.xml:101:13-49
	android:name
		ADDED from src\main\AndroidManifest.xml:100:13-63
activity#com.lordcard.ui.GameHomeActivity
ADDED from src\main\AndroidManifest.xml:105:9-112:20
	android:screenOrientation
		ADDED from src\main\AndroidManifest.xml:109:13-50
	android:launchMode
		ADDED from src\main\AndroidManifest.xml:108:13-44
	android:windowSoftInputMode
		ADDED from src\main\AndroidManifest.xml:111:13-52
	android:configChanges
		ADDED from src\main\AndroidManifest.xml:107:13-63
	android:theme
		ADDED from src\main\AndroidManifest.xml:110:13-77
	android:name
		ADDED from src\main\AndroidManifest.xml:106:13-60
activity#com.lordcard.ui.SelectBaseScoreActivity
ADDED from src\main\AndroidManifest.xml:113:10-120:20
	android:screenOrientation
		ADDED from src\main\AndroidManifest.xml:117:13-50
	android:launchMode
		ADDED from src\main\AndroidManifest.xml:116:13-44
	android:windowSoftInputMode
		ADDED from src\main\AndroidManifest.xml:119:13-52
	android:configChanges
		ADDED from src\main\AndroidManifest.xml:115:13-63
	android:theme
		ADDED from src\main\AndroidManifest.xml:118:13-77
	android:name
		ADDED from src\main\AndroidManifest.xml:114:13-67
activity#com.lordcard.ui.personal.PersonnalDoudizhuActivity
ADDED from src\main\AndroidManifest.xml:122:9-127:80
	android:screenOrientation
		ADDED from src\main\AndroidManifest.xml:126:13-50
	android:launchMode
		ADDED from src\main\AndroidManifest.xml:125:13-44
	android:configChanges
		ADDED from src\main\AndroidManifest.xml:124:13-63
	android:theme
		ADDED from src\main\AndroidManifest.xml:127:13-77
	android:name
		ADDED from src\main\AndroidManifest.xml:123:13-78
activity#com.newqm.pointwall.ShowActivity
ADDED from src\main\AndroidManifest.xml:131:9-134:53
	android:screenOrientation
		ADDED from src\main\AndroidManifest.xml:134:13-50
	android:configChanges
		ADDED from src\main\AndroidManifest.xml:133:13-63
	android:name
		ADDED from src\main\AndroidManifest.xml:132:13-60
receiver#com.newqm.pointwall.ApkReceiver
ADDED from src\main\AndroidManifest.xml:136:9-142:20
	android:name
		ADDED from src\main\AndroidManifest.xml:136:19-65
intent-filter#action:name:android.intent.action.PACKAGE_ADDED
ADDED from src\main\AndroidManifest.xml:137:13-139:29
action#android.intent.action.PACKAGE_ADDED
ADDED from src\main\AndroidManifest.xml:138:17-78
	android:name
		ADDED from src\main\AndroidManifest.xml:138:25-75
service#com.newqm.pointwall.AppStartListenService
ADDED from src\main\AndroidManifest.xml:144:9-145:19
	android:name
		ADDED from src\main\AndroidManifest.xml:144:18-74
activity#com.ex.QuMiActivity
ADDED from src\main\AndroidManifest.xml:147:9-149:66
	android:configChanges
		ADDED from src\main\AndroidManifest.xml:149:13-63
	android:name
		ADDED from src\main\AndroidManifest.xml:148:13-47
activity#com.sc.kjfs.kjActivity
ADDED from src\main\AndroidManifest.xml:150:9-159:20
	android:launchMode
		ADDED from src\main\AndroidManifest.xml:152:13-48
	android:theme
		ADDED from src\main\AndroidManifest.xml:153:13-61
	android:name
		ADDED from src\main\AndroidManifest.xml:151:13-50
intent-filter#action:name:android.intent.action.CREATE_SHORTCUT+category:name:android.intent.category.DEFAULT
ADDED from src\main\AndroidManifest.xml:154:13-158:29
action#android.intent.action.CREATE_SHORTCUT
ADDED from src\main\AndroidManifest.xml:155:17-80
	android:name
		ADDED from src\main\AndroidManifest.xml:155:25-77
category#android.intent.category.DEFAULT
ADDED from src\main\AndroidManifest.xml:157:17-76
	android:name
		ADDED from src\main\AndroidManifest.xml:157:27-73
activity#com.newqm.sdkoffer.QuMiActivity
ADDED from src\main\AndroidManifest.xml:161:9-163:66
	android:configChanges
		ADDED from src\main\AndroidManifest.xml:163:13-63
	android:name
		ADDED from src\main\AndroidManifest.xml:162:13-59
activity#com.lordcard.ui.NotifyAppUpgradeActivity
ADDED from src\main\AndroidManifest.xml:165:9-170:55
	android:screenOrientation
		ADDED from src\main\AndroidManifest.xml:168:13-50
	android:windowSoftInputMode
		ADDED from src\main\AndroidManifest.xml:170:13-52
	android:configChanges
		ADDED from src\main\AndroidManifest.xml:167:13-63
	android:theme
		ADDED from src\main\AndroidManifest.xml:169:13-83
	android:name
		ADDED from src\main\AndroidManifest.xml:166:13-68
meta-data#EGAME_CHANNEL
ADDED from src\main\AndroidManifest.xml:172:9-174:40
	android:value
		ADDED from src\main\AndroidManifest.xml:174:13-37
	android:name
		ADDED from src\main\AndroidManifest.xml:173:13-41
service#cn.jpush.android.service.PushService
ADDED from src\main\AndroidManifest.xml:190:9-200:19
	android:enabled
		ADDED from src\main\AndroidManifest.xml:192:13-35
	android:exported
		ADDED from src\main\AndroidManifest.xml:193:13-37
	android:name
		ADDED from src\main\AndroidManifest.xml:191:13-64
intent-filter#action:name:cn.jpush.android.intent.PUSH_TIME+action:name:cn.jpush.android.intent.PushService+action:name:cn.jpush.android.intent.REGISTER+action:name:cn.jpush.android.intent.REPORT
ADDED from src\main\AndroidManifest.xml:194:13-199:29
action#cn.jpush.android.intent.REGISTER
ADDED from src\main\AndroidManifest.xml:195:17-74
	android:name
		ADDED from src\main\AndroidManifest.xml:195:25-72
action#cn.jpush.android.intent.REPORT
ADDED from src\main\AndroidManifest.xml:196:17-72
	android:name
		ADDED from src\main\AndroidManifest.xml:196:25-70
action#cn.jpush.android.intent.PushService
ADDED from src\main\AndroidManifest.xml:197:17-77
	android:name
		ADDED from src\main\AndroidManifest.xml:197:25-75
action#cn.jpush.android.intent.PUSH_TIME
ADDED from src\main\AndroidManifest.xml:198:17-75
	android:name
		ADDED from src\main\AndroidManifest.xml:198:25-73
service#cn.jpush.android.service.DaemonService
ADDED from src\main\AndroidManifest.xml:211:9-220:19
	android:enabled
		ADDED from src\main\AndroidManifest.xml:213:13-35
	android:exported
		ADDED from src\main\AndroidManifest.xml:214:13-36
	android:name
		ADDED from src\main\AndroidManifest.xml:212:13-66
intent-filter#action:name:cn.jpush.android.intent.DaemonService+category:name:com.jzb.lyqpyyb
ADDED from src\main\AndroidManifest.xml:215:13-219:29
action#cn.jpush.android.intent.DaemonService
ADDED from src\main\AndroidManifest.xml:216:17-79
	android:name
		ADDED from src\main\AndroidManifest.xml:216:25-77
receiver#cn.jpush.android.service.PushReceiver
ADDED from src\main\AndroidManifest.xml:223:9-242:20
	android:enabled
		ADDED from src\main\AndroidManifest.xml:225:13-35
	android:name
		ADDED from src\main\AndroidManifest.xml:224:13-65
intent-filter#action:name:cn.jpush.android.intent.NOTIFICATION_RECEIVED_PROXY+category:name:com.jzb.lyqpyyb
ADDED from src\main\AndroidManifest.xml:226:13-230:29
	android:priority
		ADDED from src\main\AndroidManifest.xml:226:28-51
action#cn.jpush.android.intent.NOTIFICATION_RECEIVED_PROXY
ADDED from src\main\AndroidManifest.xml:227:17-93
	android:name
		ADDED from src\main\AndroidManifest.xml:227:25-91
intent-filter#action:name:android.intent.action.USER_PRESENT+action:name:android.net.conn.CONNECTIVITY_CHANGE
ADDED from src\main\AndroidManifest.xml:231:13-234:29
action#android.intent.action.USER_PRESENT
ADDED from src\main\AndroidManifest.xml:232:17-76
	android:name
		ADDED from src\main\AndroidManifest.xml:232:25-74
action#android.net.conn.CONNECTIVITY_CHANGE
ADDED from src\main\AndroidManifest.xml:233:17-78
	android:name
		ADDED from src\main\AndroidManifest.xml:233:25-76
intent-filter#action:name:android.intent.action.PACKAGE_ADDED+action:name:android.intent.action.PACKAGE_REMOVED+data:scheme:package
ADDED from src\main\AndroidManifest.xml:236:13-241:29
action#android.intent.action.PACKAGE_REMOVED
ADDED from src\main\AndroidManifest.xml:238:17-79
	android:name
		ADDED from src\main\AndroidManifest.xml:238:25-77
data
ADDED from src\main\AndroidManifest.xml:240:17-49
	android:scheme
		ADDED from src\main\AndroidManifest.xml:240:23-47
activity#cn.jpush.android.ui.PushActivity
ADDED from src\main\AndroidManifest.xml:250:9-261:20
	android:exported
		ADDED from src\main\AndroidManifest.xml:253:13-37
	android:configChanges
		ADDED from src\main\AndroidManifest.xml:252:13-63
	android:theme
		ADDED from src\main\AndroidManifest.xml:254:13-60
	android:name
		ADDED from src\main\AndroidManifest.xml:251:13-60
intent-filter#action:name:cn.jpush.android.ui.PushActivity+category:name:android.intent.category.DEFAULT+category:name:com.jzb.lyqpyyb
ADDED from src\main\AndroidManifest.xml:255:13-260:29
action#cn.jpush.android.ui.PushActivity
ADDED from src\main\AndroidManifest.xml:256:17-74
	android:name
		ADDED from src\main\AndroidManifest.xml:256:25-72
activity#cn.jpush.android.ui.PopWinActivity
ADDED from src\main\AndroidManifest.xml:263:9-272:20
	android:exported
		ADDED from src\main\AndroidManifest.xml:266:13-37
	android:configChanges
		ADDED from src\main\AndroidManifest.xml:265:13-63
	android:theme
		ADDED from src\main\AndroidManifest.xml:267:13-44
	android:name
		ADDED from src\main\AndroidManifest.xml:264:13-62
intent-filter#category:name:android.intent.category.DEFAULT+category:name:com.jzb.lyqpyyb
ADDED from src\main\AndroidManifest.xml:268:13-271:29
service#cn.jpush.android.service.DownloadService
ADDED from src\main\AndroidManifest.xml:275:9-278:39
	android:enabled
		ADDED from src\main\AndroidManifest.xml:277:13-35
	android:exported
		ADDED from src\main\AndroidManifest.xml:278:13-37
	android:name
		ADDED from src\main\AndroidManifest.xml:276:13-68
receiver#cn.jpush.android.service.AlarmReceiver
ADDED from src\main\AndroidManifest.xml:281:9-74
	android:name
		ADDED from src\main\AndroidManifest.xml:281:19-72
receiver#com.lordcard.haoyun.JPBroadcastReceiver
ADDED from src\main\AndroidManifest.xml:284:9-297:20
	android:enabled
		ADDED from src\main\AndroidManifest.xml:286:13-35
	android:exported
		ADDED from src\main\AndroidManifest.xml:287:13-37
	android:name
		ADDED from src\main\AndroidManifest.xml:285:13-67
intent-filter#action:name:cn.jpush.android.intent.CONNECTION+action:name:cn.jpush.android.intent.MESSAGE_RECEIVED+action:name:cn.jpush.android.intent.NOTIFICATION_OPENED+action:name:cn.jpush.android.intent.NOTIFICATION_RECEIVED+action:name:cn.jpush.android.intent.REGISTRATION+category:name:com.jzb.lyqpyyb
ADDED from src\main\AndroidManifest.xml:288:13-296:29
action#cn.jpush.android.intent.REGISTRATION
ADDED from src\main\AndroidManifest.xml:289:17-78
	android:name
		ADDED from src\main\AndroidManifest.xml:289:25-76
action#cn.jpush.android.intent.MESSAGE_RECEIVED
ADDED from src\main\AndroidManifest.xml:290:17-82
	android:name
		ADDED from src\main\AndroidManifest.xml:290:25-80
action#cn.jpush.android.intent.NOTIFICATION_RECEIVED
ADDED from src\main\AndroidManifest.xml:291:17-87
	android:name
		ADDED from src\main\AndroidManifest.xml:291:25-85
action#cn.jpush.android.intent.NOTIFICATION_OPENED
ADDED from src\main\AndroidManifest.xml:292:17-85
	android:name
		ADDED from src\main\AndroidManifest.xml:292:25-83
action#cn.jpush.android.intent.CONNECTION
ADDED from src\main\AndroidManifest.xml:293:17-76
	android:name
		ADDED from src\main\AndroidManifest.xml:293:25-74
uses-sdk
INJECTED from src\main\AndroidManifest.xml reason: use-sdk injection requested
INJECTED from src\main\AndroidManifest.xml
INJECTED from src\main\AndroidManifest.xml
MERGED from [com.android.support:design:26.1.0] AndroidManifest.xml:21:5-23:62
MERGED from [com.android.support:design:26.1.0] AndroidManifest.xml:21:5-23:62
MERGED from [com.android.support:multidex:1.0.3] AndroidManifest.xml:20:5-43
MERGED from [com.android.support:multidex:1.0.3] AndroidManifest.xml:20:5-43
MERGED from [com.android.support:cardview-v7:26.1.0] AndroidManifest.xml:20:5-44
MERGED from [com.android.support:cardview-v7:26.1.0] AndroidManifest.xml:20:5-44
MERGED from [com.zhy:autolayout:1.4.5] AndroidManifest.xml:8:5-10:41
MERGED from [com.zhy:autolayout:1.4.5] AndroidManifest.xml:8:5-10:41
MERGED from [com.android.support:appcompat-v7:26.1.0] AndroidManifest.xml:21:5-23:78
MERGED from [com.android.support:appcompat-v7:26.1.0] AndroidManifest.xml:21:5-23:78
MERGED from [com.lzy.net:okserver:2.0.5] AndroidManifest.xml:23:5-25:41
MERGED from [com.lzy.net:okserver:2.0.5] AndroidManifest.xml:23:5-25:41
MERGED from [com.lzy.net:okgo:3.0.4] AndroidManifest.xml:22:5-24:41
MERGED from [com.lzy.net:okgo:3.0.4] AndroidManifest.xml:22:5-24:41
MERGED from [com.youth.banner:banner:1.4.10] AndroidManifest.xml:7:5-9:41
MERGED from [com.youth.banner:banner:1.4.10] AndroidManifest.xml:7:5-9:41
MERGED from [com.android.support:transition:26.1.0] AndroidManifest.xml:20:5-44
MERGED from [com.android.support:transition:26.1.0] AndroidManifest.xml:20:5-44
MERGED from [com.android.support:support-v4:26.1.0] AndroidManifest.xml:21:5-23:54
MERGED from [com.android.support:support-v4:26.1.0] AndroidManifest.xml:21:5-23:54
MERGED from [com.android.support:recyclerview-v7:26.1.0] AndroidManifest.xml:20:5-44
MERGED from [com.android.support:recyclerview-v7:26.1.0] AndroidManifest.xml:20:5-44
MERGED from [com.android.support:support-media-compat:26.1.0] AndroidManifest.xml:21:5-23:63
MERGED from [com.android.support:support-media-compat:26.1.0] AndroidManifest.xml:21:5-23:63
MERGED from [com.android.support:support-fragment:26.1.0] AndroidManifest.xml:21:5-23:60
MERGED from [com.android.support:support-fragment:26.1.0] AndroidManifest.xml:21:5-23:60
MERGED from [com.android.support:support-core-utils:26.1.0] AndroidManifest.xml:21:5-23:61
MERGED from [com.android.support:support-core-utils:26.1.0] AndroidManifest.xml:21:5-23:61
MERGED from [com.android.support:animated-vector-drawable:26.1.0] AndroidManifest.xml:20:5-44
MERGED from [com.android.support:animated-vector-drawable:26.1.0] AndroidManifest.xml:20:5-44
MERGED from [com.android.support:support-core-ui:26.1.0] AndroidManifest.xml:21:5-23:58
MERGED from [com.android.support:support-core-ui:26.1.0] AndroidManifest.xml:21:5-23:58
MERGED from [com.android.support:support-vector-drawable:26.1.0] AndroidManifest.xml:20:5-44
MERGED from [com.android.support:support-vector-drawable:26.1.0] AndroidManifest.xml:20:5-44
MERGED from [com.android.support:support-compat:26.1.0] AndroidManifest.xml:21:5-23:58
MERGED from [com.android.support:support-compat:26.1.0] AndroidManifest.xml:21:5-23:58
MERGED from [android.arch.lifecycle:runtime:1.0.0] AndroidManifest.xml:20:5-22:41
MERGED from [android.arch.lifecycle:runtime:1.0.0] AndroidManifest.xml:20:5-22:41
INJECTED from src\main\AndroidManifest.xml
INJECTED from src\main\AndroidManifest.xml
	tools:overrideLibrary
		ADDED from [com.android.support:design:26.1.0] AndroidManifest.xml:23:9-59
	android:targetSdkVersion
		INJECTED from src\main\AndroidManifest.xml
		ADDED from src\main\AndroidManifest.xml
		INJECTED from src\main\AndroidManifest.xml
	android:minSdkVersion
		INJECTED from src\main\AndroidManifest.xml
		ADDED from src\main\AndroidManifest.xml
		INJECTED from src\main\AndroidManifest.xml
meta-data#android.support.FILE_PROVIDER_PATHS
ADDED from src\main\AndroidManifest.xml:84:13-87:51
	android:resource
		ADDED from src\main\AndroidManifest.xml:86:17-51
	tools:replace
		ADDED from src\main\AndroidManifest.xml:87:17-49
	android:name
		ADDED from src\main\AndroidManifest.xml:85:17-67
meta-data#android.support.VERSION
ADDED from [com.android.support:design:26.1.0] AndroidManifest.xml:26:9-28:38
MERGED from [com.android.support:cardview-v7:26.1.0] AndroidManifest.xml:23:9-25:38
MERGED from [com.android.support:cardview-v7:26.1.0] AndroidManifest.xml:23:9-25:38
MERGED from [com.android.support:appcompat-v7:26.1.0] AndroidManifest.xml:26:9-28:38
MERGED from [com.android.support:appcompat-v7:26.1.0] AndroidManifest.xml:26:9-28:38